{"/Users/karl/Documents/apps/tmp/typescript/k-di/dist/index.js": {"path":"/Users/karl/Documents/apps/tmp/typescript/k-di/dist/index.js","statementMap":{"0":{"start":{"line":2,"column":0},"end":{"line":2,"column":62}},"1":{"start":{"line":5,"column":8},"end":{"line":5,"column":29}},"2":{"start":{"line":8,"column":8},"end":{"line":8,"column":44}},"3":{"start":{"line":11,"column":8},"end":{"line":11,"column":38}},"4":{"start":{"line":14,"column":8},"end":{"line":14,"column":39}},"5":{"start":{"line":15,"column":8},"end":{"line":15,"column":20}},"6":{"start":{"line":18,"column":24},"end":{"line":18,"column":44}},"7":{"start":{"line":19,"column":8},"end":{"line":19,"column":29}},"8":{"start":{"line":22,"column":22},"end":{"line":22,"column":35}},"9":{"start":{"line":23,"column":8},"end":{"line":23,"column":34}},"10":{"start":{"line":26,"column":8},"end":{"line":26,"column":54}},"11":{"start":{"line":27,"column":8},"end":{"line":27,"column":20}},"12":{"start":{"line":30,"column":0},"end":{"line":30,"column":21}}},"fnMap":{"0":{"name":"(anonymous_0)","decl":{"start":{"line":4,"column":4},"end":{"line":4,"column":5}},"loc":{"start":{"line":4,"column":18},"end":{"line":6,"column":5}},"line":4},"1":{"name":"(anonymous_1)","decl":{"start":{"line":7,"column":4},"end":{"line":7,"column":5}},"loc":{"start":{"line":7,"column":11},"end":{"line":9,"column":5}},"line":7},"2":{"name":"(anonymous_2)","decl":{"start":{"line":10,"column":4},"end":{"line":10,"column":5}},"loc":{"start":{"line":10,"column":13},"end":{"line":12,"column":5}},"line":10},"3":{"name":"(anonymous_3)","decl":{"start":{"line":13,"column":4},"end":{"line":13,"column":5}},"loc":{"start":{"line":13,"column":22},"end":{"line":16,"column":5}},"line":13},"4":{"name":"(anonymous_4)","decl":{"start":{"line":17,"column":4},"end":{"line":17,"column":5}},"loc":{"start":{"line":17,"column":13},"end":{"line":20,"column":5}},"line":17},"5":{"name":"(anonymous_5)","decl":{"start":{"line":21,"column":4},"end":{"line":21,"column":5}},"loc":{"start":{"line":21,"column":25},"end":{"line":24,"column":5}},"line":21},"6":{"name":"(anonymous_6)","decl":{"start":{"line":25,"column":4},"end":{"line":25,"column":5}},"loc":{"start":{"line":25,"column":35},"end":{"line":28,"column":5}},"line":25}},"branchMap":{},"s":{"0":1,"1":6,"2":2,"3":2,"4":6,"5":6,"6":5,"7":5,"8":1,"9":1,"10":1,"11":1,"12":1},"f":{"0":6,"1":2,"2":2,"3":6,"4":5,"5":1,"6":1},"b":{},"_coverageSchema":"332fd63041d2c1bcb487cc26dd0d5f7d97098a6c","hash":"8a871c9606b749e4b2adf08dcb7d9f2fc92c290b"}
,"/Users/karl/Documents/apps/tmp/typescript/k-di/src/index.ts": {"path":"/Users/karl/Documents/apps/tmp/typescript/k-di/src/index.ts","statementMap":{"0":{"start":{"line":6,"column":12},"end":{"line":6,"column":39}},"1":{"start":{"line":9,"column":8},"end":{"line":9,"column":44}},"2":{"start":{"line":13,"column":8},"end":{"line":13,"column":38}},"3":{"start":{"line":17,"column":8},"end":{"line":17,"column":39}},"4":{"start":{"line":18,"column":8},"end":{"line":18,"column":20}},"5":{"start":{"line":22,"column":24},"end":{"line":22,"column":44}},"6":{"start":{"line":23,"column":8},"end":{"line":23,"column":29}},"7":{"start":{"line":27,"column":22},"end":{"line":27,"column":35}},"8":{"start":{"line":28,"column":8},"end":{"line":28,"column":34}},"9":{"start":{"line":32,"column":8},"end":{"line":32,"column":54}},"10":{"start":{"line":33,"column":8},"end":{"line":33,"column":20}},"11":{"start":{"line":5,"column":0},"end":{"line":35,"column":1}}},"fnMap":{"0":{"name":"(anonymous_0)","decl":{"start":{"line":5,"column":0},"end":{"line":null,"column":-1}},"loc":{"start":{"line":5,"column":0},"end":{"line":35,"column":1}}},"1":{"name":"(anonymous_1)","decl":{"start":{"line":8,"column":4},"end":{"line":8,"column":7}},"loc":{"start":{"line":8,"column":8},"end":{"line":10,"column":5}}},"2":{"name":"(anonymous_2)","decl":{"start":{"line":12,"column":4},"end":{"line":12,"column":6}},"loc":{"start":{"line":12,"column":19},"end":{"line":14,"column":5}}},"3":{"name":"(anonymous_3)","decl":{"start":{"line":16,"column":4},"end":{"line":16,"column":6}},"loc":{"start":{"line":16,"column":39},"end":{"line":19,"column":5}}},"4":{"name":"(anonymous_4)","decl":{"start":{"line":21,"column":4},"end":{"line":21,"column":6}},"loc":{"start":{"line":21,"column":19},"end":{"line":24,"column":5}}},"5":{"name":"(anonymous_5)","decl":{"start":{"line":26,"column":4},"end":{"line":26,"column":9}},"loc":{"start":{"line":26,"column":38},"end":{"line":29,"column":5}}},"6":{"name":"(anonymous_6)","decl":{"start":{"line":31,"column":4},"end":{"line":31,"column":11}},"loc":{"start":{"line":31,"column":60},"end":{"line":34,"column":5}}}},"branchMap":{},"s":{"0":6,"1":2,"2":2,"3":6,"4":6,"5":5,"6":5,"7":1,"8":1,"9":1,"10":1,"11":1},"f":{"0":6,"1":2,"2":2,"3":6,"4":5,"5":1,"6":1},"b":{}}
}
