TN:
SF:/Users/karl/Documents/apps/tmp/typescript/k-di/dist/index.js
FN:4,(anonymous_0)
FN:7,(anonymous_1)
FN:10,(anonymous_2)
FN:13,(anonymous_3)
FN:17,(anonymous_4)
FN:21,(anonymous_5)
FN:25,(anonymous_6)
FNF:7
FNH:7
FNDA:6,(anonymous_0)
FNDA:2,(anonymous_1)
FNDA:2,(anonymous_2)
FNDA:6,(anonymous_3)
FNDA:5,(anonymous_4)
FNDA:1,(anonymous_5)
FNDA:1,(anonymous_6)
DA:2,1
DA:5,6
DA:8,2
DA:11,2
DA:14,6
DA:15,6
DA:18,5
DA:19,5
DA:22,1
DA:23,1
DA:26,1
DA:27,1
DA:30,1
LF:13
LH:13
BRF:0
BRH:0
end_of_record
TN:
SF:/Users/karl/Documents/apps/tmp/typescript/k-di/src/index.ts
FN:5,(anonymous_0)
FN:8,(anonymous_1)
FN:12,(anonymous_2)
FN:16,(anonymous_3)
FN:21,(anonymous_4)
FN:26,(anonymous_5)
FN:31,(anonymous_6)
FNF:7
FNH:7
FNDA:6,(anonymous_0)
FNDA:2,(anonymous_1)
FNDA:2,(anonymous_2)
FNDA:6,(anonymous_3)
FNDA:5,(anonymous_4)
FNDA:1,(anonymous_5)
FNDA:1,(anonymous_6)
DA:5,1
DA:6,6
DA:9,2
DA:13,2
DA:17,6
DA:18,6
DA:22,5
DA:23,5
DA:27,1
DA:28,1
DA:32,1
DA:33,1
LF:12
LH:12
BRF:0
BRH:0
end_of_record
